{"C:\\Users\\alexo\\Desktop\\mass\\app.js":{"path":"C:\\Users\\alexo\\Desktop\\mass\\app.js","s":{"1":1,"2":1,"3":1,"4":1,"5":1,"6":1,"7":1,"8":1,"9":1,"10":0,"11":0,"12":0,"13":0,"14":1,"15":0,"16":1,"17":1,"18":1,"19":1,"20":1,"21":1,"22":0,"23":1,"24":1,"25":0,"26":0,"27":0,"28":0,"29":0,"30":0,"31":0},"b":{"1":[0,0],"2":[0,1]},"f":{"1":0},"fnMap":{"1":{"name":"clear","line":48,"loc":{"start":{"line":48,"column":0},"end":{"line":48,"column":17}}}},"statementMap":{"1":{"start":{"line":3,"column":0},"end":{"line":3,"column":38}},"2":{"start":{"line":4,"column":0},"end":{"line":4,"column":33}},"3":{"start":{"line":5,"column":0},"end":{"line":5,"column":33}},"4":{"start":{"line":6,"column":0},"end":{"line":6,"column":37}},"5":{"start":{"line":7,"column":0},"end":{"line":7,"column":48}},"6":{"start":{"line":9,"column":0},"end":{"line":9,"column":40}},"7":{"start":{"line":10,"column":0},"end":{"line":13,"column":3}},"8":{"start":{"line":15,"column":0},"end":{"line":18,"column":2}},"9":{"start":{"line":20,"column":0},"end":{"line":27,"column":3}},"10":{"start":{"line":21,"column":4},"end":{"line":21,"column":12}},"11":{"start":{"line":22,"column":4},"end":{"line":22,"column":26}},"12":{"start":{"line":23,"column":4},"end":{"line":25,"column":30}},"13":{"start":{"line":24,"column":26},"end":{"line":24,"column":103}},"14":{"start":{"line":30,"column":0},"end":{"line":32,"column":3}},"15":{"start":{"line":31,"column":4},"end":{"line":31,"column":28}},"16":{"start":{"line":34,"column":0},"end":{"line":36,"column":3}},"17":{"start":{"line":35,"column":1},"end":{"line":35,"column":54}},"18":{"start":{"line":38,"column":0},"end":{"line":38,"column":42}},"19":{"start":{"line":39,"column":0},"end":{"line":39,"column":32}},"20":{"start":{"line":40,"column":0},"end":{"line":40,"column":57}},"21":{"start":{"line":42,"column":0},"end":{"line":43,"column":29}},"22":{"start":{"line":42,"column":27},"end":{"line":42,"column":60}},"23":{"start":{"line":43,"column":5},"end":{"line":43,"column":29}},"24":{"start":{"line":48,"column":0},"end":{"line":56,"column":1}},"25":{"start":{"line":49,"column":4},"end":{"line":49,"column":20}},"26":{"start":{"line":50,"column":4},"end":{"line":50,"column":57}},"27":{"start":{"line":51,"column":4},"end":{"line":51,"column":123}},"28":{"start":{"line":52,"column":4},"end":{"line":52,"column":189}},"29":{"start":{"line":53,"column":4},"end":{"line":53,"column":331}},"30":{"start":{"line":54,"column":4},"end":{"line":54,"column":65}},"31":{"start":{"line":55,"column":4},"end":{"line":55,"column":63}}},"branchMap":{"1":{"line":24,"type":"cond-expr","locations":[{"start":{"line":24,"column":73},"end":{"line":24,"column":91}},{"start":{"line":24,"column":94},"end":{"line":24,"column":100}}]},"2":{"line":42,"type":"if","locations":[{"start":{"line":42,"column":0},"end":{"line":42,"column":0}},{"start":{"line":42,"column":0},"end":{"line":42,"column":0}}]}}}}